<?xml version="1.0" encoding="UTF-8"?>
<testng-results skipped="0" failed="0" ignored="0" total="1" passed="1">
  <reporter-output>
  </reporter-output>
  <suite name="Default suite" duration-ms="55509" started-at="2018-07-27T05:06:57Z" finished-at="2018-07-27T05:07:53Z">
    <groups>
    </groups>
    <test name="Default test" duration-ms="55509" started-at="2018-07-27T05:06:57Z" finished-at="2018-07-27T05:07:53Z">
      <class name="com.FutureItVisopnMobileTest.regression.ActionsSheets">
        <test-method status="PASS" signature="init()[pri:0, instance:com.FutureItVisopnMobileTest.regression.ActionsSheets@18eed359]" name="init" is-config="true" duration-ms="38828" started-at="2018-07-27T05:06:57Z" finished-at="2018-07-27T05:07:36Z">
          <reporter-output>
          </reporter-output>
        </test-method> <!-- init -->
        <test-method status="PASS" signature="verifyApplicationSheetClickable()[pri:0, instance:com.FutureItVisopnMobileTest.regression.ActionsSheets@18eed359]" name="verifyApplicationSheetClickable" duration-ms="7994" started-at="2018-07-27T05:07:36Z" finished-at="2018-07-27T05:07:44Z">
          <reporter-output>
          </reporter-output>
        </test-method> <!-- verifyApplicationSheetClickable -->
        <test-method status="PASS" signature="end()[pri:0, instance:com.FutureItVisopnMobileTest.regression.ActionsSheets@18eed359]" name="end" is-config="true" duration-ms="8671" started-at="2018-07-27T05:07:44Z" finished-at="2018-07-27T05:07:53Z">
          <reporter-output>
          </reporter-output>
        </test-method> <!-- end -->
      </class> <!-- com.FutureItVisopnMobileTest.regression.ActionsSheets -->
    </test> <!-- Default test -->
  </suite> <!-- Default suite -->
</testng-results>
